<?xml version="1.0" encoding="UTF-8"?>
<!-- Generated by org.testng.reporters.JUnitXMLReporter -->
<testsuite hostname="wangdongyadeMacBook-Pro.local" ignored="1" name="Test_Allure_Framework_Report" tests="13" failures="7" timestamp="30 九月 2017 14:15:51 GMT" time="70.435" errors="0">
  <testcase name="failedTest" time="10.118" classname="com.wdy.learnallureNG.AppTest">
    <failure type="java.lang.AssertionError" message="This test should be failed">
      <![CDATA[java.lang.AssertionError: This test should be failed
	at com.wdy.learnallureNG.AppTest.failedTest(AppTest.java:58)
... Removed 29 stack frames]]>
    </failure>
  </testcase> <!-- failedTest -->
  <testcase name="simpleTest" time="5.014" classname="com.wdy.learnallureNG.AppTest"/>
  <testcase name="csvAttachmentTest" time="5.007" classname="com.wdy.learnallureNG.AppTest">
    <failure type="java.lang.AssertionError" message="Couldn&amp;apos;t find resource &amp;apos;sample.csv&amp;apos;">
      <![CDATA[java.lang.AssertionError: Couldn't find resource 'sample.csv'
	at com.wdy.learnallureNG.AppTest.getSampleFile(AppTest.java:124)
	at com.wdy.learnallureNG.AppTest.saveCsvAttachment(AppTest.java:113)
	at com.wdy.learnallureNG.AppTest.csvAttachmentTest(AppTest.java:103)
... Removed 29 stack frames]]>
    </failure>
  </testcase> <!-- csvAttachmentTest -->
  <testcase name="parametrizedTest" time="5.009" classname="com.wdy.learnallureNG.AppTest">
    <failure type="java.lang.AssertionError" message="
Expected: is &amp;lt;2&amp;gt;
     but: was &amp;lt;1&amp;gt;">
      <![CDATA[java.lang.AssertionError: 
Expected: is <2>
     but: was <1>
	at org.hamcrest.MatcherAssert.assertThat(MatcherAssert.java:20)
	at org.hamcrest.MatcherAssert.assertThat(MatcherAssert.java:8)
	at com.wdy.learnallureNG.AppTest.parametrizedTest(AppTest.java:82)
... Removed 28 stack frames]]>
    </failure>
  </testcase> <!-- parametrizedTest -->
  <testcase name="parametrizedTest" time="5.003" classname="com.wdy.learnallureNG.AppTest"/>
  <testcase name="parametrizedTest" time="5.009" classname="com.wdy.learnallureNG.AppTest">
    <failure type="java.lang.AssertionError" message="
Expected: is &amp;lt;2&amp;gt;
     but: was &amp;lt;3&amp;gt;">
      <![CDATA[java.lang.AssertionError: 
Expected: is <2>
     but: was <3>
	at org.hamcrest.MatcherAssert.assertThat(MatcherAssert.java:20)
	at org.hamcrest.MatcherAssert.assertThat(MatcherAssert.java:8)
	at com.wdy.learnallureNG.AppTest.parametrizedTest(AppTest.java:82)
... Removed 28 stack frames]]>
    </failure>
  </testcase> <!-- parametrizedTest -->
  <testcase name="parametrizedTest" time="5.005" classname="com.wdy.learnallureNG.AppTest">
    <failure type="java.lang.AssertionError" message="
Expected: is &amp;lt;2&amp;gt;
     but: was &amp;lt;1&amp;gt;">
      <![CDATA[java.lang.AssertionError: 
Expected: is <2>
     but: was <1>
	at org.hamcrest.MatcherAssert.assertThat(MatcherAssert.java:20)
	at org.hamcrest.MatcherAssert.assertThat(MatcherAssert.java:8)
	at com.wdy.learnallureNG.AppTest.parametrizedTest(AppTest.java:98)
... Removed 28 stack frames]]>
    </failure>
  </testcase> <!-- parametrizedTest -->
  <testcase name="parametrizedTest" time="5.007" classname="com.wdy.learnallureNG.AppTest"/>
  <testcase name="parametrizedTest" time="5.01" classname="com.wdy.learnallureNG.AppTest">
    <failure type="java.lang.AssertionError" message="
Expected: is &amp;lt;2&amp;gt;
     but: was &amp;lt;3&amp;gt;">
      <![CDATA[java.lang.AssertionError: 
Expected: is <2>
     but: was <3>
	at org.hamcrest.MatcherAssert.assertThat(MatcherAssert.java:20)
	at org.hamcrest.MatcherAssert.assertThat(MatcherAssert.java:8)
	at com.wdy.learnallureNG.AppTest.parametrizedTest(AppTest.java:98)
... Removed 28 stack frames]]>
    </failure>
  </testcase> <!-- parametrizedTest -->
  <testcase name="simpleTestWithAttachments" time="5.005" classname="com.wdy.learnallureNG.AppTest"/>
  <testcase name="simpleTestWithSteps" time="5.007" classname="com.wdy.learnallureNG.AppTest"/>
  <testcase name="svgAttachmentTest" time="5.008" classname="com.wdy.learnallureNG.AppTest">
    <failure type="java.lang.AssertionError" message="Couldn&amp;apos;t find resource &amp;apos;sample.svg&amp;apos;">
      <![CDATA[java.lang.AssertionError: Couldn't find resource 'sample.svg'
	at com.wdy.learnallureNG.AppTest.getSampleFile(AppTest.java:124)
	at com.wdy.learnallureNG.AppTest.saveSvgAttachment(AppTest.java:118)
	at com.wdy.learnallureNG.AppTest.svgAttachmentTest(AppTest.java:108)
... Removed 29 stack frames]]>
    </failure>
  </testcase> <!-- svgAttachmentTest -->
  <testcase name="skippedByDependencyTest" time="0.0" classname="com.wdy.learnallureNG.AppTest">
    <skipped/>
  </testcase> <!-- skippedByDependencyTest -->
  <testcase name="skippedTest" time="0.0" classname="com.wdy.learnallureNG.AppTest">
    <ignored/>
  </testcase> <!-- skippedTest -->
</testsuite> <!-- Test_Allure_Framework_Report -->
