<!DOCTYPE html PUBLIC "-//W3C//DTD XHTML 1.1//EN" "http://www.w3.org/TR/xhtml11/DTD/xhtml11.dtd">
<html xmlns="http://www.w3.org/1999/xhtml"><head><title>TestNG Report</title><style type="text/css">table {margin-bottom:10px;border-collapse:collapse;empty-cells:show}th,td {border:1px solid #009;padding:.25em .5em}th {vertical-align:bottom}td {vertical-align:top}table a {font-weight:bold}.stripe td {background-color: #E6EBF9}.num {text-align:right}.passedodd td {background-color: #3F3}.passedeven td {background-color: #0A0}.skippedodd td {background-color: #DDD}.skippedeven td {background-color: #CCC}.failedodd td,.attn {background-color: #F33}.failedeven td,.stripe .attn {background-color: #D00}.stacktrace {white-space:pre;font-family:monospace}.totop {font-size:85%;text-align:center;border-bottom:2px solid #000}</style></head><body><table><tr><th>Test</th><th># Passed</th><th># Skipped</th><th># Failed</th><th>Time (ms)</th><th>Included Groups</th><th>Excluded Groups</th></tr><tr><th colspan="7">Suite</th></tr><tr><td><a href="#t0">Test_Allure_Framework_Report</a></td><td class="num">5</td><td class="num attn">1</td><td class="num attn">7</td><td class="num">70,435</td><td></td><td></td></tr></table><table><thead><tr><th>Class</th><th>Method</th><th>Start</th><th>Time (ms)</th></tr></thead><tbody><tr><th colspan="4">Suite</th></tr></tbody><tbody id="t0"><tr><th colspan="4">Test_Allure_Framework_Report &#8212; failed</th></tr><tr class="failedeven"><td rowspan="7">com.wdy.learnallureNG.AppTest</td><td><a href="#m0">csvAttachmentTest</a></td><td rowspan="1">1506780891323</td><td rowspan="1">5007</td></tr><tr class="failedeven"><td><a href="#m1">failedTest</a></td><td rowspan="1">1506780876021</td><td rowspan="1">10118</td></tr><tr class="failedeven"><td><a href="#m2">parametrizedTest</a></td><td rowspan="4">1506780911366</td><td rowspan="4">5005</td></tr><tr class="failedeven"><td><a href="#m3">parametrizedTest</a></td></tr><tr class="failedeven"><td><a href="#m4">parametrizedTest</a></td></tr><tr class="failedeven"><td><a href="#m5">parametrizedTest</a></td></tr><tr class="failedeven"><td><a href="#m6">svgAttachmentTest</a></td><td rowspan="1">1506780936408</td><td rowspan="1">5008</td></tr><tr><th colspan="4">Test_Allure_Framework_Report &#8212; skipped</th></tr><tr class="skippedeven"><td rowspan="1">com.wdy.learnallureNG.AppTest</td><td><a href="#m7">skippedByDependencyTest</a></td><td rowspan="1">1506780941419</td><td rowspan="1">0</td></tr><tr><th colspan="4">Test_Allure_Framework_Report &#8212; passed</th></tr><tr class="passedeven"><td rowspan="5">com.wdy.learnallureNG.AppTest</td><td><a href="#m8">parametrizedTest</a></td><td rowspan="2">1506780916372</td><td rowspan="2">5007</td></tr><tr class="passedeven"><td><a href="#m9">parametrizedTest</a></td></tr><tr class="passedeven"><td><a href="#m10">simpleTest</a></td><td rowspan="1">1506780886307</td><td rowspan="1">5014</td></tr><tr class="passedeven"><td><a href="#m11">simpleTestWithAttachments</a></td><td rowspan="1">1506780926392</td><td rowspan="1">5005</td></tr><tr class="passedeven"><td><a href="#m12">simpleTestWithSteps</a></td><td rowspan="1">1506780931399</td><td rowspan="1">5007</td></tr></tbody></table><h2>Test_Allure_Framework_Report</h2><h3 id="m0">com.wdy.learnallureNG.AppTest#csvAttachmentTest</h3><table class="result"><tr><th>Exception</th></tr><tr><td><div class="stacktrace">java.lang.AssertionError: Couldn&apos;t find resource &apos;sample.csv&apos;
	at com.wdy.learnallureNG.AppTest.getSampleFile(AppTest.java:124)
	at com.wdy.learnallureNG.AppTest.saveCsvAttachment(AppTest.java:113)
	at com.wdy.learnallureNG.AppTest.csvAttachmentTest(AppTest.java:103)
... Removed 29 stack frames</div></td></tr></table><p class="totop"><a href="#summary">back to summary</a></p><h3 id="m1">com.wdy.learnallureNG.AppTest#failedTest</h3><table class="result"><tr><th>Exception</th></tr><tr><td><div class="stacktrace">java.lang.AssertionError: This test should be failed
	at com.wdy.learnallureNG.AppTest.failedTest(AppTest.java:58)
... Removed 29 stack frames</div></td></tr></table><p class="totop"><a href="#summary">back to summary</a></p><h3 id="m2">com.wdy.learnallureNG.AppTest#parametrizedTest</h3><table class="result"><tr class="param"><th>Parameter #1</th><th>Parameter #2</th><th>Parameter #3</th></tr><tr class="param stripe"><td>Long-long parameter value</td><td>1</td><td>2</td></tr><tr><th colspan="3">Exception</th></tr><tr><td colspan="3"><div class="stacktrace">java.lang.AssertionError: 
Expected: is &lt;2&gt;
     but: was &lt;1&gt;
	at org.hamcrest.MatcherAssert.assertThat(MatcherAssert.java:20)
	at org.hamcrest.MatcherAssert.assertThat(MatcherAssert.java:8)
	at com.wdy.learnallureNG.AppTest.parametrizedTest(AppTest.java:98)
... Removed 28 stack frames</div></td></tr></table><p class="totop"><a href="#summary">back to summary</a></p><h3 id="m3">com.wdy.learnallureNG.AppTest#parametrizedTest</h3><table class="result"><tr class="param"><th>Parameter #1</th></tr><tr class="param stripe"><td>1</td></tr><tr><th>Exception</th></tr><tr><td><div class="stacktrace">java.lang.AssertionError: 
Expected: is &lt;2&gt;
     but: was &lt;1&gt;
	at org.hamcrest.MatcherAssert.assertThat(MatcherAssert.java:20)
	at org.hamcrest.MatcherAssert.assertThat(MatcherAssert.java:8)
	at com.wdy.learnallureNG.AppTest.parametrizedTest(AppTest.java:82)
... Removed 28 stack frames</div></td></tr></table><p class="totop"><a href="#summary">back to summary</a></p><h3 id="m4">com.wdy.learnallureNG.AppTest#parametrizedTest</h3><table class="result"><tr class="param"><th>Parameter #1</th><th>Parameter #2</th><th>Parameter #3</th></tr><tr class="param stripe"><td></td><td>3</td><td>4</td></tr><tr><th colspan="3">Exception</th></tr><tr><td colspan="3"><div class="stacktrace">java.lang.AssertionError: 
Expected: is &lt;2&gt;
     but: was &lt;3&gt;
	at org.hamcrest.MatcherAssert.assertThat(MatcherAssert.java:20)
	at org.hamcrest.MatcherAssert.assertThat(MatcherAssert.java:8)
	at com.wdy.learnallureNG.AppTest.parametrizedTest(AppTest.java:98)
... Removed 28 stack frames</div></td></tr></table><p class="totop"><a href="#summary">back to summary</a></p><h3 id="m5">com.wdy.learnallureNG.AppTest#parametrizedTest</h3><table class="result"><tr class="param"><th>Parameter #1</th></tr><tr class="param stripe"><td>3</td></tr><tr><th>Exception</th></tr><tr><td><div class="stacktrace">java.lang.AssertionError: 
Expected: is &lt;2&gt;
     but: was &lt;3&gt;
	at org.hamcrest.MatcherAssert.assertThat(MatcherAssert.java:20)
	at org.hamcrest.MatcherAssert.assertThat(MatcherAssert.java:8)
	at com.wdy.learnallureNG.AppTest.parametrizedTest(AppTest.java:82)
... Removed 28 stack frames</div></td></tr></table><p class="totop"><a href="#summary">back to summary</a></p><h3 id="m6">com.wdy.learnallureNG.AppTest#svgAttachmentTest</h3><table class="result"><tr><th>Exception</th></tr><tr><td><div class="stacktrace">java.lang.AssertionError: Couldn&apos;t find resource &apos;sample.svg&apos;
	at com.wdy.learnallureNG.AppTest.getSampleFile(AppTest.java:124)
	at com.wdy.learnallureNG.AppTest.saveSvgAttachment(AppTest.java:118)
	at com.wdy.learnallureNG.AppTest.svgAttachmentTest(AppTest.java:108)
... Removed 29 stack frames</div></td></tr></table><p class="totop"><a href="#summary">back to summary</a></p><h3 id="m7">com.wdy.learnallureNG.AppTest#skippedByDependencyTest</h3><table class="result"><tr><th>Exception</th></tr><tr><td><div class="stacktrace">java.lang.Throwable: Method AppTest.skippedByDependencyTest()[pri:0, instance:com.wdy.learnallureNG.AppTest@7181ae3f] depends on not successfully finished methods
... Removed 21 stack frames</div></td></tr></table><p class="totop"><a href="#summary">back to summary</a></p><h3 id="m8">com.wdy.learnallureNG.AppTest#parametrizedTest</h3><table class="result"><tr class="param"><th>Parameter #1</th><th>Parameter #2</th><th>Parameter #3</th></tr><tr class="param stripe"><td>Even longer parameter value than long-long parameter value</td><td>2</td><td>3</td></tr></table><p class="totop"><a href="#summary">back to summary</a></p><h3 id="m9">com.wdy.learnallureNG.AppTest#parametrizedTest</h3><table class="result"><tr class="param"><th>Parameter #1</th></tr><tr class="param stripe"><td>2</td></tr></table><p class="totop"><a href="#summary">back to summary</a></p><h3 id="m10">com.wdy.learnallureNG.AppTest#simpleTest</h3><table class="result"></table><p class="totop"><a href="#summary">back to summary</a></p><h3 id="m11">com.wdy.learnallureNG.AppTest#simpleTestWithAttachments</h3><table class="result"></table><p class="totop"><a href="#summary">back to summary</a></p><h3 id="m12">com.wdy.learnallureNG.AppTest#simpleTestWithSteps</h3><table class="result"></table><p class="totop"><a href="#summary">back to summary</a></p></body></html>